<?xml version="1.0" encoding="UTF-8"?>
<!-- Generated by org.testng.reporters.JUnitReportReporter -->
<testsuite hostname="QINDW243" name="AutomationFramework_Selenium.OrangeHRM_Test" tests="4" failures="0" timestamp="21 May 2019 12:01:03 GMT" time="26.083" errors="0">
  <testcase name="loginTest" time="7.444" classname="AutomationFramework_Selenium.OrangeHRM_Test"/>
  <testcase name="createNodeTest" time="6.776" classname="AutomationFramework_Selenium.OrangeHRM_Test"/>
  <testcase name="verifyLogo" time="5.962" classname="AutomationFramework_Selenium.OrangeHRM_Test"/>
  <testcase name="openURL" time="5.901" classname="AutomationFramework_Selenium.OrangeHRM_Test"/>
</testsuite> <!-- AutomationFramework_Selenium.OrangeHRM_Test -->
