<?xml version="1.0" encoding="UTF-8"?>
<!-- Generated by org.testng.reporters.JUnitReportReporter -->
<testsuite skipped="0" hostname="QINDW243" name="AutomationFramework_Selenium.OrangeHRM_Test" tests="1" failures="0" timestamp="03 Jun 2019 09:08:26 GMT" time="10.804" errors="0">
  <testcase name="loginTest" time="10.804" classname="AutomationFramework_Selenium.OrangeHRM_Test"/>
</testsuite> <!-- AutomationFramework_Selenium.OrangeHRM_Test -->
