<?xml version="1.0" encoding="UTF-8"?>
<!-- Generated by org.testng.reporters.JUnitReportReporter -->
<testsuite hostname="QINDW243" name="AutomationFramework_Selenium.OrangeHRM_Test" tests="4" failures="0" timestamp="22 May 2019 06:35:38 GMT" time="24.606" errors="0">
  <testcase name="loginTest" time="7.006" classname="AutomationFramework_Selenium.OrangeHRM_Test"/>
  <testcase name="createNodeTest" time="7.049" classname="AutomationFramework_Selenium.OrangeHRM_Test"/>
  <testcase name="openURL" time="5.400" classname="AutomationFramework_Selenium.OrangeHRM_Test"/>
  <testcase name="verifyLogo" time="5.151" classname="AutomationFramework_Selenium.OrangeHRM_Test"/>
</testsuite> <!-- AutomationFramework_Selenium.OrangeHRM_Test -->
