<?xml version="1.0" encoding="UTF-8"?>
<!-- Generated by org.testng.reporters.JUnitReportReporter -->
<testsuite skipped="0" hostname="QINDW273" name="AutomationFramework_Selenium.OrangeHRM_Test" tests="5" failures="0" timestamp="10 Sep 2019 08:25:43 GMT" time="32.788" errors="0">
  <testcase name="openURL" time="6.234" classname="AutomationFramework_Selenium.OrangeHRM_Test"/>
  <testcase name="verifyLogo" time="5.803" classname="AutomationFramework_Selenium.OrangeHRM_Test"/>
  <testcase name="openRun" time="2.920" classname="AutomationFramework_Selenium.OrangeHRM_Test"/>
  <testcase name="loginTest" time="11.190" classname="AutomationFramework_Selenium.OrangeHRM_Test"/>
  <testcase name="createNodeTest" time="6.641" classname="AutomationFramework_Selenium.OrangeHRM_Test"/>
</testsuite> <!-- AutomationFramework_Selenium.OrangeHRM_Test -->
