<?xml version="1.0" encoding="UTF-8"?>
<!-- Generated by org.testng.reporters.JUnitReportReporter -->
<testsuite hostname="QINDW273" name="AutomationFramework_Selenium.OrangeHRM_Test" tests="5" failures="0" timestamp="10 Jul 2019 04:50:11 GMT" time="32.409" errors="0">
  <testcase name="createNodeTest" time="7.058" classname="AutomationFramework_Selenium.OrangeHRM_Test"/>
  <testcase name="verifyLogo" time="6.155" classname="AutomationFramework_Selenium.OrangeHRM_Test"/>
  <testcase name="loginTest" time="10.742" classname="AutomationFramework_Selenium.OrangeHRM_Test"/>
  <testcase name="openURL" time="6.088" classname="AutomationFramework_Selenium.OrangeHRM_Test"/>
  <testcase name="openRun" time="2.366" classname="AutomationFramework_Selenium.OrangeHRM_Test"/>
</testsuite> <!-- AutomationFramework_Selenium.OrangeHRM_Test -->
