<?xml version="1.0" encoding="UTF-8"?>
<!-- Generated by org.testng.reporters.JUnitReportReporter -->
<testsuite skipped="0" hostname="QINDW243" name="AutomationFramework_Selenium.OrangeHRM_Test" tests="4" failures="0" timestamp="31 May 2019 08:57:18 GMT" time="25.790" errors="0">
  <testcase name="verifyLogo" time="5.512" classname="AutomationFramework_Selenium.OrangeHRM_Test"/>
  <testcase name="createNodeTest" time="5.694" classname="AutomationFramework_Selenium.OrangeHRM_Test"/>
  <testcase name="loginTest" time="9.112" classname="AutomationFramework_Selenium.OrangeHRM_Test"/>
  <testcase name="openURL" time="5.472" classname="AutomationFramework_Selenium.OrangeHRM_Test"/>
</testsuite> <!-- AutomationFramework_Selenium.OrangeHRM_Test -->
