<?xml version="1.0" encoding="UTF-8"?>
<!-- Generated by org.testng.reporters.JUnitReportReporter -->
<testsuite skipped="0" hostname="QINDW243" name="AutomationFramework_Selenium.OrangeHRM_Test" tests="4" failures="0" timestamp="31 May 2019 10:51:40 GMT" time="25.644" errors="0">
  <testcase name="verifyLogo" time="5.644" classname="AutomationFramework_Selenium.OrangeHRM_Test"/>
  <testcase name="createNodeTest" time="5.763" classname="AutomationFramework_Selenium.OrangeHRM_Test"/>
  <testcase name="loginTest" time="8.865" classname="AutomationFramework_Selenium.OrangeHRM_Test"/>
  <testcase name="openURL" time="5.372" classname="AutomationFramework_Selenium.OrangeHRM_Test"/>
</testsuite> <!-- AutomationFramework_Selenium.OrangeHRM_Test -->
